Importer Log Report
Document: C:\pcb stuff\AVR PCB\AVR PCB.kicad_sch
    Section : Loading Schematic - C:\pcb stuff\AVR PCB\AVR PCB.kicad_sch
        Warning: Unknown child generator_version of kicad_sch.
        Warning: Unknown child exclude_from_sim of symbol.
        Warning: Unknown child exclude_from_sim of symbol.
        Warning: Unknown child exclude_from_sim of symbol.
        Warning: Unknown child exclude_from_sim of symbol.
        Warning: Unknown child exclude_from_sim of symbol.
        Warning: Unknown child exclude_from_sim of symbol.
        Warning: Unknown child exclude_from_sim of symbol.
        Warning: Unknown child exclude_from_sim of symbol.
        Warning: Unknown child exclude_from_sim of symbol.
        Warning: Unknown child exclude_from_sim of symbol.
        Warning: Unknown child exclude_from_sim of symbol.
        Warning: Unknown child exclude_from_sim of text.
        Warning: Unknown child exclude_from_sim of text.
        Warning: Unknown child exclude_from_sim of text.
        Warning: Unknown child exclude_from_sim of text.
        Warning: Unknown child exclude_from_sim of symbol.
        Warning: Unknown child exclude_from_sim of symbol.
        Warning: Unknown child exclude_from_sim of symbol.
        Warning: Unknown child exclude_from_sim of symbol.
        Warning: Unknown child exclude_from_sim of symbol.
        Warning: Unknown child exclude_from_sim of symbol.
        Warning: Unknown child exclude_from_sim of symbol.
        Warning: Unknown child exclude_from_sim of symbol.
        Warning: Unknown child exclude_from_sim of symbol.
        Warning: Unknown child exclude_from_sim of symbol.
        Warning: Unknown child exclude_from_sim of symbol.
        Warning: Unknown child exclude_from_sim of symbol.
        Warning: Unknown child exclude_from_sim of symbol.
        Warning: Unknown child exclude_from_sim of symbol.
        Warning: Unknown child exclude_from_sim of symbol.
        Warning: Unknown child exclude_from_sim of symbol.
        Warning: Unknown child exclude_from_sim of symbol.
        Warning: Unknown child exclude_from_sim of symbol.
        Warning: Unknown child exclude_from_sim of symbol.
        Warning: Unknown child exclude_from_sim of symbol.
        Warning: Unknown child exclude_from_sim of symbol.
        Warning: Unknown child exclude_from_sim of symbol.
        Warning: Unknown child exclude_from_sim of symbol.
        Warning: Unknown child exclude_from_sim of symbol.
        Warning: Unknown child exclude_from_sim of symbol.
        Warning: Unknown child exclude_from_sim of symbol.
        Warning: Unknown child exclude_from_sim of symbol.
    EndSection
    Section : Loading Schematic - C:\pcb stuff\AVR PCB\AVR PCB.kicad_sch
        Warning: Unknown child generator_version of kicad_sch.
        Warning: Unknown child exclude_from_sim of symbol.
        Warning: Unknown child exclude_from_sim of symbol.
        Warning: Unknown child exclude_from_sim of symbol.
        Warning: Unknown child exclude_from_sim of symbol.
        Warning: Unknown child exclude_from_sim of symbol.
        Warning: Unknown child exclude_from_sim of symbol.
        Warning: Unknown child exclude_from_sim of symbol.
        Warning: Unknown child exclude_from_sim of symbol.
        Warning: Unknown child exclude_from_sim of symbol.
        Warning: Unknown child exclude_from_sim of symbol.
        Warning: Unknown child exclude_from_sim of symbol.
        Warning: Unknown child exclude_from_sim of text.
        Warning: Unknown child exclude_from_sim of text.
        Warning: Unknown child exclude_from_sim of text.
        Warning: Unknown child exclude_from_sim of text.
        Warning: Unknown child exclude_from_sim of symbol.
        Warning: Unknown child exclude_from_sim of symbol.
        Warning: Unknown child exclude_from_sim of symbol.
        Warning: Unknown child exclude_from_sim of symbol.
        Warning: Unknown child exclude_from_sim of symbol.
        Warning: Unknown child exclude_from_sim of symbol.
        Warning: Unknown child exclude_from_sim of symbol.
        Warning: Unknown child exclude_from_sim of symbol.
        Warning: Unknown child exclude_from_sim of symbol.
        Warning: Unknown child exclude_from_sim of symbol.
        Warning: Unknown child exclude_from_sim of symbol.
        Warning: Unknown child exclude_from_sim of symbol.
        Warning: Unknown child exclude_from_sim of symbol.
        Warning: Unknown child exclude_from_sim of symbol.
        Warning: Unknown child exclude_from_sim of symbol.
        Warning: Unknown child exclude_from_sim of symbol.
        Warning: Unknown child exclude_from_sim of symbol.
        Warning: Unknown child exclude_from_sim of symbol.
        Warning: Unknown child exclude_from_sim of symbol.
        Warning: Unknown child exclude_from_sim of symbol.
        Warning: Unknown child exclude_from_sim of symbol.
        Warning: Unknown child exclude_from_sim of symbol.
        Warning: Unknown child exclude_from_sim of symbol.
        Warning: Unknown child exclude_from_sim of symbol.
        Warning: Unknown child exclude_from_sim of symbol.
        Warning: Unknown child exclude_from_sim of symbol.
        Warning: Unknown child exclude_from_sim of symbol.
    EndSection
